[13:31:19] [main/INFO]: Setting user: Developer
[13:31:21] [Client thread/INFO]: LWJGL Version: 2.9.1
[13:31:32] [Client thread/INFO]: Reloading ResourceManager: Default, FMLFileResourcePack:Forge Mod Loader, FMLFileResourcePack:Minecraft Forge, FMLFileResourcePack:Optimized Renderer
[13:31:33] [Sound Library Loader/INFO]: Sound engine started
[13:31:35] [Client thread/INFO]: Created: 16x16 textures/blocks-atlas
[13:31:35] [Client thread/INFO]: Created: 16x16 textures/items-atlas
[13:31:35] [Client thread/INFO]: Reloading ResourceManager: Default, FMLFileResourcePack:Forge Mod Loader, FMLFileResourcePack:Minecraft Forge, FMLFileResourcePack:Optimized Renderer
[13:31:36] [Client thread/INFO]: Created: 512x256 textures/blocks-atlas
[13:31:36] [Client thread/INFO]: Created: 256x256 textures/items-atlas
[13:31:37] [Sound Library Loader/INFO]: Sound engine started
[13:31:52] [Server thread/INFO]: Starting integrated minecraft server version 1.7.10
[13:31:52] [Server thread/INFO]: Generating keypair
[13:31:53] [Server thread/INFO]: Preparing start region for level 0
[13:31:54] [Server thread/INFO]: Preparing spawn area: 85%
[13:31:54] [Server thread/INFO]: Changing view distance to 16, from 10
[13:31:54] [Server thread/INFO]: Developer[local:E:aefbda4e] logged in with entity id 398 at (426.5563222768724, 68.0, 368.8010432543893)
[13:31:54] [Server thread/INFO]: Developer joined the game
[13:31:55] [Client thread/WARN]: Biome ID is out of bounds: 2049, defaulting to 0 (Ocean)
[13:31:55] [Client thread/WARN]: Biome ID is out of bounds: 2049, defaulting to 0 (Ocean)
[13:31:55] [Client thread/WARN]: Biome ID is out of bounds: 2049, defaulting to 0 (Ocean)
[13:31:55] [Client thread/WARN]: Biome ID is out of bounds: 2049, defaulting to 0 (Ocean)
[13:31:55] [Client thread/WARN]: Biome ID is out of bounds: 2049, defaulting to 0 (Ocean)
[13:31:55] [Client thread/WARN]: Biome ID is out of bounds: 2049, defaulting to 0 (Ocean)
[13:31:55] [Client thread/WARN]: Biome ID is out of bounds: 2049, defaulting to 0 (Ocean)
[13:31:55] [Client thread/WARN]: Biome ID is out of bounds: 2049, defaulting to 0 (Ocean)
[13:31:55] [Client thread/WARN]: Biome ID is out of bounds: 2049, defaulting to 0 (Ocean)
[13:32:04] [Client thread/INFO]: Warning: Clientside chunk ticking took 102 ms
[13:32:07] [Client thread/INFO]: Stopping!
[13:32:07] [Server thread/INFO]: Stopping server
[13:32:07] [Server thread/INFO]: Saving players
[13:32:07] [Server thread/INFO]: Saving worlds
[13:32:07] [Server thread/INFO]: Saving chunks for level 'New World'/Overworld
[13:32:07] [Server thread/INFO]: Saving chunks for level 'New World'/Nether
[13:32:07] [Server thread/INFO]: Saving chunks for level 'New World'/The End
[13:32:07] [Client Shutdown Thread/INFO]: Stopping server
[13:32:07] [Client Shutdown Thread/INFO]: Saving players
